<?xml version="1.0" encoding="UTF-8"?>
<!-- Generated by org.testng.reporters.JUnitReportReporter -->
<testsuite hostname="Nareshreddy" failures="0" tests="1" name="testigTestNG.Mouseactions" time="27.667" errors="0" timestamp="2022-04-23T18:51:44 IST" skipped="0">
  <testcase classname="testigTestNG.Mouseactions" name="main" time="27.667"/>
  <system-out/>
</testsuite> <!-- testigTestNG.Mouseactions -->
