<?xml version="1.0" encoding="UTF-8"?>
<!-- Generated by org.testng.reporters.JUnitReportReporter -->
<testsuite hostname="Nareshreddy" failures="0" tests="3" name="com.Parallelexecution.ParallelExecution2" time="0.013" errors="0" timestamp="2022-04-15T15:39:26 IST" skipped="0">
  <testcase classname="com.Parallelexecution.ParallelExecution2" name="method3" time="0.005"/>
  <system-out/>
  <testcase classname="com.Parallelexecution.ParallelExecution2" name="method2" time="0.005"/>
  <system-out/>
  <testcase classname="com.Parallelexecution.ParallelExecution2" name="method1" time="0.003"/>
  <system-out/>
</testsuite> <!-- com.Parallelexecution.ParallelExecution2 -->
