<?xml version="1.0" encoding="UTF-8"?>
<!-- Generated by org.testng.reporters.JUnitReportReporter -->
<testsuite hostname="Nareshreddy" failures="0" tests="1" name="com.js.demo.Scrolloperations" time="44.617" errors="0" timestamp="2022-04-25T16:08:35 IST" skipped="0">
  <testcase classname="com.js.demo.Scrolloperations" name="scroll" time="44.617"/>
  <system-out/>
</testsuite> <!-- com.js.demo.Scrolloperations -->
