<?xml version="1.0" encoding="UTF-8"?>
<!-- Generated by org.testng.reporters.JUnitReportReporter -->
<testsuite hostname="Nareshreddy" failures="0" tests="1" name="com.shushilpage.Sushilpage" time="76.961" errors="0" timestamp="2022-04-23T20:05:44 IST" skipped="0">
  <testcase classname="com.shushilpage.Sushilpage" name="testmethod" time="76.961"/>
  <system-out/>
</testsuite> <!-- com.shushilpage.Sushilpage -->
