<?xml version="1.0" encoding="UTF-8"?>
<!-- Generated by org.testng.reporters.JUnitReportReporter -->
<testsuite hostname="Nareshreddy" failures="0" tests="5" name="testigTestNG.Grouping" time="0.027" errors="0" timestamp="2022-04-08T15:44:24 IST" skipped="0">
  <testcase classname="testigTestNG.Grouping" name="selectItem" time="0.004"/>
  <system-out/>
  <testcase classname="testigTestNG.Grouping" name="login" time="0.018"/>
  <system-out/>
  <testcase classname="testigTestNG.Grouping" name="myAccount" time="0.001"/>
  <system-out/>
  <testcase classname="testigTestNG.Grouping" name="logout" time="0.003"/>
  <system-out/>
  <testcase classname="testigTestNG.Grouping" name="profile" time="0.001"/>
  <system-out/>
</testsuite> <!-- testigTestNG.Grouping -->
