<?xml version="1.0" encoding="UTF-8"?>
<!-- Generated by org.testng.reporters.JUnitReportReporter -->
<testsuite hostname="Nareshreddy" failures="0" tests="1" name="utility.AccessGoogle" time="4.422" errors="0" timestamp="2022-04-15T16:01:47 IST" skipped="0">
  <testcase classname="utility.AccessGoogle" name="accessGoogles" time="4.422"/>
  <system-out/>
</testsuite> <!-- utility.AccessGoogle -->
