<?xml version="1.0" encoding="UTF-8"?>
<!-- Generated by org.testng.reporters.JUnitReportReporter -->
<testsuite hostname="Nareshreddy" failures="0" tests="2" name="testigTestNG.testNgdemo1" time="54.563" errors="0" timestamp="2022-04-15T13:12:11 IST" skipped="0">
  <testcase classname="testigTestNG.testNgdemo1" name="enterCredentials" time="35.691"/>
  <system-out/>
  <testcase classname="testigTestNG.testNgdemo1" name="enterCredentials" time="18.872"/>
  <system-out/>
</testsuite> <!-- testigTestNG.testNgdemo1 -->
