<?xml version="1.0" encoding="UTF-8"?>
<!-- Generated by org.testng.reporters.JUnitReportReporter -->
<testsuite hostname="Nareshreddy" failures="0" tests="2" name="testigTestNG.PropertiesDemo" time="19.481" errors="0" timestamp="2022-04-25T10:58:22 IST" skipped="0">
  <testcase classname="testigTestNG.PropertiesDemo" name="readPropertyfile" time="0.010"/>
  <system-out/>
  <testcase classname="testigTestNG.PropertiesDemo" name="propertiesDemo" time="19.471"/>
  <system-out/>
</testsuite> <!-- testigTestNG.PropertiesDemo -->
