<?xml version="1.0" encoding="UTF-8"?>
<!-- Generated by org.testng.reporters.JUnitReportReporter -->
<testsuite hostname="Nareshreddy" failures="0" tests="1" name="testigTestNG.ExcelreadDattaprovider" time="0.931" errors="0" timestamp="2022-04-15T13:09:24 IST" skipped="0">
  <testcase classname="testigTestNG.ExcelreadDattaprovider" name="excel2dataprovider" time="0.931"/>
  <system-out/>
</testsuite> <!-- testigTestNG.ExcelreadDattaprovider -->
