<?xml version="1.0" encoding="UTF-8"?>
<!-- Generated by org.testng.reporters.JUnitReportReporter -->
<testsuite hostname="Nareshreddy" failures="0" tests="1" name="testigTestNG.Brokenimages" time="45.748" errors="0" timestamp="2022-04-23T12:25:27 IST" skipped="0">
  <testcase classname="testigTestNG.Brokenimages" name="brokenimg" time="45.748"/>
  <system-out/>
</testsuite> <!-- testigTestNG.Brokenimages -->
