<?xml version="1.0" encoding="UTF-8"?>
<!-- Generated by org.testng.reporters.JUnitReportReporter -->
<testsuite hostname="Nareshreddy" failures="0" tests="3" name="DependenciesTestNG" time="0.021" errors="0" timestamp="2022-04-10T14:20:33 IST" skipped="0">
  <testcase classname="DependenciesTestNG" name="createTrackingNum" time="0.016"/>
  <system-out/>
  <testcase classname="DependenciesTestNG" name="trackstatus" time="0.003"/>
  <system-out/>
  <testcase classname="DependenciesTestNG" name="cacelTracking" time="0.002"/>
  <system-out/>
</testsuite> <!-- DependenciesTestNG -->
