<?xml version="1.0" encoding="UTF-8"?>
<!-- Generated by org.testng.reporters.JUnitReportReporter -->
<testsuite hostname="Nareshreddy" failures="0" tests="1" name="UploadFiles" time="22.765" errors="0" timestamp="2022-04-13T13:57:54 IST" skipped="0">
  <testcase classname="UploadFiles" name="uploadFiles" time="22.765"/>
  <system-out/>
</testsuite> <!-- UploadFiles -->
