<?xml version="1.0" encoding="UTF-8"?>
<!-- Generated by org.testng.reporters.JUnitReportReporter -->
<testsuite hostname="Nareshreddy" failures="0" tests="1" name="testigTestNG.TestNG_demo" time="55.830" errors="0" timestamp="2022-04-04T14:51:53 IST" skipped="0">
  <testcase classname="testigTestNG.TestNG_demo" name="openGoogle" time="55.830"/>
  <system-out/>
</testsuite> <!-- testigTestNG.TestNG_demo -->
