<?xml version="1.0" encoding="UTF-8"?>
<!-- Generated by org.testng.reporters.JUnitReportReporter -->
<testsuite hostname="Nareshreddy" failures="0" tests="1" name="com.Parallelexecution.ParallelExecution" time="0.013" errors="0" timestamp="2022-04-15T15:10:36 IST" skipped="0">
  <testcase classname="com.Parallelexecution.ParallelExecution" name="method1" time="0.013"/>
  <system-out/>
</testsuite> <!-- com.Parallelexecution.ParallelExecution -->
