<?xml version="1.0" encoding="UTF-8"?>
<!-- Generated by org.testng.reporters.JUnitReportReporter -->
<testsuite hostname="Nareshreddy" failures="0" tests="1" name="testigTestNG.Dragdrop" time="9.026" errors="0" timestamp="2022-04-23T17:20:32 IST" skipped="0">
  <testcase classname="testigTestNG.Dragdrop" name="main" time="9.026"/>
  <system-out/>
</testsuite> <!-- testigTestNG.Dragdrop -->
