<?xml version="1.0" encoding="UTF-8"?>
<!-- Generated by org.testng.reporters.JUnitReportReporter -->
<testsuite hostname="AHS-LP-181" failures="0" tests="1" name="com.shushilpage.Sushilpage" time="137.905" errors="0" timestamp="2022-05-15T21:36:52 IST" skipped="0">
  <testcase classname="com.shushilpage.Sushilpage" name="testmethod" time="137.905"/>
  <system-out/>
</testsuite> <!-- com.shushilpage.Sushilpage -->
